[33m2024-07-16 15:55:11,829 WARNING: -----------------------------------------< get_site_type >------------------------------------------[0m
[33m2024-07-16 15:55:11,834 WARNING: < get_site_type - 21 >[0m
[33m2024-07-16 15:55:11,834 WARNING: ({'host': '10.10.0.201', 'port': 3306, 'user': 'root', 'password': 'webnav123456', 'database': 'db_site_navigation'},)[0m
[33m2024-07-16 15:55:11,835 WARNING: [0m
[33m2024-07-16 15:56:49,008 WARNING: -----------------------------------------< get_site_type >------------------------------------------[0m
[33m2024-07-16 15:56:49,009 WARNING: < get_site_type - 22 >[0m
[33m2024-07-16 15:56:49,009 WARNING: ({'host': '10.10.0.201', 'port': 3306, 'user': 'root', 'password': 'MySQL1234!', 'database': 'db_site_navigation'},)[0m
[33m2024-07-16 15:56:49,009 WARNING: [0m
[33m2024-07-16 15:56:51,950 WARNING: -----------------------------------------< get_site_type >------------------------------------------[0m
[33m2024-07-16 15:56:51,950 WARNING: < get_site_type - 22 >[0m
[33m2024-07-16 15:56:51,951 WARNING: ({'host': '10.10.0.201', 'port': 3306, 'user': 'root', 'password': 'MySQL1234!', 'database': 'db_site_navigation'},)[0m
[33m2024-07-16 15:56:51,951 WARNING: [0m
[33m2024-07-16 15:57:01,833 WARNING: -----------------------------------------< get_site_type >------------------------------------------[0m
[33m2024-07-16 15:57:01,833 WARNING: < get_site_type - 22 >[0m
[33m2024-07-16 15:57:01,834 WARNING: ({'host': '10.10.0.201', 'port': 3306, 'user': 'root', 'password': 'MySQL1234!', 'database': 'db_site_navigation'},)[0m
[33m2024-07-16 15:57:01,834 WARNING: [0m
[34m2024-07-16 15:57:01,863 INFO: ---------------------------------------------< types >----------------------------------------------[0m
[34m2024-07-16 15:57:01,864 INFO: < write - 75 >[0m
[34m2024-07-16 15:57:01,865 INFO: (['Web', '原型', '后台', '监控', '中间件', '云庐PMS', '云芃', '其他'],)[0m
[34m2024-07-16 15:57:01,865 INFO: [0m
[33m2024-07-16 15:57:04,151 WARNING: -----------------------------------------< get_site_type >------------------------------------------[0m
[33m2024-07-16 15:57:04,153 WARNING: < get_site_type - 22 >[0m
[33m2024-07-16 15:57:04,154 WARNING: ({'host': '10.10.0.201', 'port': 3306, 'user': 'root', 'password': 'MySQL1234!', 'database': 'db_site_navigation'},)[0m
[33m2024-07-16 15:57:04,154 WARNING: [0m
[33m2024-07-16 15:57:09,936 WARNING: -----------------------------------------< get_site_type >------------------------------------------[0m
[33m2024-07-16 15:57:09,936 WARNING: < get_site_type - 22 >[0m
[33m2024-07-16 15:57:09,937 WARNING: ({'host': '10.10.0.201', 'port': 3306, 'user': 'root', 'password': 'MySQL1234!', 'database': 'db_site_navigation'},)[0m
[33m2024-07-16 15:57:09,937 WARNING: [0m
[34m2024-07-19 09:48:10,874 INFO: [0m
[34m2024-07-19 09:48:10,875 INFO: -----------------------------------------< start success! >-----------------------------------------[0m
[34m2024-07-19 09:48:10,875 INFO: < index - 278 >[0m
[34m2024-07-19 09:48:10,875 INFO: [0m
[34m2024-07-19 09:48:10,875 INFO: [0m
[34m2024-07-19 09:48:17,867 INFO: [0m
[34m2024-07-19 09:48:17,868 INFO: -----------------------------------------< start success! >-----------------------------------------[0m
[34m2024-07-19 09:48:17,868 INFO: < index - 278 >[0m
[34m2024-07-19 09:48:17,869 INFO: [0m
[34m2024-07-19 09:48:17,869 INFO: [0m
[34m2024-07-19 09:49:41,285 INFO: [0m
[34m2024-07-19 09:49:41,286 INFO: -----------------------------------------< start success! >-----------------------------------------[0m
[34m2024-07-19 09:49:41,286 INFO: < main - 283 >[0m
[34m2024-07-19 09:49:41,286 INFO: [0m
[34m2024-07-19 09:49:41,286 INFO: [0m
[34m2024-07-19 09:50:35,854 INFO: [0m
[34m2024-07-19 09:50:35,854 INFO: -----------------------------------------< start success! >-----------------------------------------[0m
[34m2024-07-19 09:50:35,854 INFO: < main - 282 >[0m
[34m2024-07-19 09:50:35,855 INFO: [0m
[34m2024-07-19 09:50:35,855 INFO: [0m
[34m2024-07-19 09:51:13,841 INFO: [0m
[34m2024-07-19 09:51:13,841 INFO: -----------------------------------------< start success! >-----------------------------------------[0m
[34m2024-07-19 09:51:13,841 INFO: < main - 281 >[0m
[34m2024-07-19 09:51:13,841 INFO: [0m
[34m2024-07-19 09:51:13,841 INFO: [0m
[34m2024-07-19 09:51:21,117 INFO: [0m
[34m2024-07-19 09:51:21,117 INFO: -----------------------------------------< start success! >-----------------------------------------[0m
[34m2024-07-19 09:51:21,117 INFO: < main - 282 >[0m
[34m2024-07-19 09:51:21,118 INFO: [0m
[34m2024-07-19 09:51:21,118 INFO: [0m
